<?xml version="1.0" encoding="UTF-8"?>
<!-- Generated by org.testng.reporters.JUnitReportReporter -->
<testsuite hostname="MacBook-Pro-Eugene.local" failures="0" tests="1" name="com.herokuapp.restfulbooker.UpdateBookingTests" time="2.855" errors="0" timestamp="2021-08-11T19:18:08 EEST" skipped="0">
  <testcase classname="com.herokuapp.restfulbooker.UpdateBookingTests" name="updateBookingTest" time="2.855"/>
  <system-out/>
</testsuite> <!-- com.herokuapp.restfulbooker.UpdateBookingTests -->
