<?xml version="1.0" encoding="UTF-8"?>
<!-- Generated by org.testng.reporters.JUnitReportReporter -->
<testsuite hostname="MacBook-Pro-Eugene.local" failures="0" tests="1" name="com.herokuapp.restfulbooker.PartialUpdateBookingTests" time="2.907" errors="0" timestamp="2021-08-11T19:13:42 EEST" skipped="0">
  <testcase classname="com.herokuapp.restfulbooker.PartialUpdateBookingTests" name="partialUpdateBookingTest" time="2.907"/>
  <system-out/>
</testsuite> <!-- com.herokuapp.restfulbooker.PartialUpdateBookingTests -->
