<?xml version="1.0" encoding="UTF-8"?>
<!-- Generated by org.testng.reporters.JUnitReportReporter -->
<testsuite hostname="MacBook-Pro-Eugene.local" failures="0" tests="1" name="com.herokuapp.restfulbooker.GetBookingIdsTest" time="2.280" errors="0" timestamp="2021-08-12T13:49:52 EEST" skipped="0">
  <testcase classname="com.herokuapp.restfulbooker.GetBookingIdsTest" name="getBookingIdsWithFilterTest" time="2.280"/>
  <system-out/>
</testsuite> <!-- com.herokuapp.restfulbooker.GetBookingIdsTest -->
