<?xml version="1.0" encoding="UTF-8"?>
<!-- Generated by org.testng.reporters.JUnitReportReporter -->
<testsuite hostname="MacBook-Pro-Eugene.local" failures="0" tests="1" name="com.herokuapp.restfulbooker.CreateBookingTests" time="2.129" errors="0" timestamp="2021-09-20T23:49:27 EEST" skipped="0">
  <testcase classname="com.herokuapp.restfulbooker.CreateBookingTests" name="createBookingWithPOJODeserializeTest" time="2.129"/>
  <system-out/>
</testsuite> <!-- com.herokuapp.restfulbooker.CreateBookingTests -->
