<?xml version="1.0" encoding="UTF-8"?>
<!-- Generated by org.testng.reporters.JUnitReportReporter -->
<testsuite hostname="MacBook-Pro-Eugene.local" failures="0" tests="1" name="com.herokuapp.restfulbooker.HealthCheckTest" time="2.034" errors="0" timestamp="2021-08-12T16:19:35 EEST" skipped="0">
  <testcase classname="com.herokuapp.restfulbooker.HealthCheckTest" name="headersAndCookiesCheckTest" time="2.034"/>
  <system-out/>
</testsuite> <!-- com.herokuapp.restfulbooker.HealthCheckTest -->
