<?xml version="1.0" encoding="UTF-8"?>
<!-- Generated by org.testng.reporters.JUnitReportReporter -->
<testsuite hostname="MacBook-Pro-Eugene.local" failures="0" tests="1" name="com.herokuapp.restfulbooker.DeleteBookingTests" time="3.406" errors="0" timestamp="2021-08-11T18:57:03 EEST" skipped="0">
  <testcase classname="com.herokuapp.restfulbooker.DeleteBookingTests" name="deleteBookingTest" time="3.406"/>
  <system-out/>
</testsuite> <!-- com.herokuapp.restfulbooker.DeleteBookingTests -->
